

============================== 2023-01-25 05:07:02.084734 | 4825f6b0-e404-4796-8f83-baa19149f26f ==============================
[0m05:07:02.084734 [info ] [MainThread]: Running with dbt=1.3.2
[0m05:07:02.085781 [debug] [MainThread]: running dbt with arguments {'write_json': True, 'use_colors': True, 'printer_width': 80, 'version_check': True, 'partial_parse': True, 'static_parser': True, 'profiles_dir': 'C:\\Users\\velly\\.dbt', 'send_anonymous_usage_stats': True, 'event_buffer_size': 100000, 'quiet': False, 'no_print': False, 'cache_selected_only': False, 'project_name': 'demo_dbt', 'skip_profile_setup': False, 'which': 'init', 'indirect_selection': 'eager'}
[0m05:07:02.086779 [debug] [MainThread]: Tracking: tracking
[0m05:07:02.086779 [debug] [MainThread]: Sending event: {'category': 'dbt', 'action': 'invocation', 'label': 'start', 'context': [<snowplow_tracker.self_describing_json.SelfDescribingJson object at 0x0000017820F9E788>, <snowplow_tracker.self_describing_json.SelfDescribingJson object at 0x0000017820EA9F88>, <snowplow_tracker.self_describing_json.SelfDescribingJson object at 0x0000017820F9EA48>]}
[0m05:07:02.087835 [info ] [MainThread]: Creating dbt configuration folder at C:\Users\velly\.dbt
[0m05:07:02.090828 [debug] [MainThread]: Starter project path: c:\users\velly\appdata\local\programs\python\python37\lib\site-packages\dbt\include\starter_project
[0m05:11:40.576840 [info ] [MainThread]: Profile demo_dbt written to C:\Users\velly\.dbt\profiles.yml using target's profile_template.yml and your supplied values. Run 'dbt debug' to validate the connection.
[0m05:11:40.577846 [info ] [MainThread]: 
Your new dbt project "demo_dbt" was created!

For more information on how to configure the profiles.yml file,
please consult the dbt documentation here:

  https://docs.getdbt.com/docs/configure-your-profile

One more thing:

Need help? Don't hesitate to reach out to us via GitHub issues or on Slack:

  https://community.getdbt.com/

Happy modeling!

[0m05:11:40.578980 [debug] [MainThread]: Sending event: {'category': 'dbt', 'action': 'invocation', 'label': 'end', 'context': [<snowplow_tracker.self_describing_json.SelfDescribingJson object at 0x0000017820F9EB48>, <snowplow_tracker.self_describing_json.SelfDescribingJson object at 0x0000017820F9EF08>, <snowplow_tracker.self_describing_json.SelfDescribingJson object at 0x0000017820F9EC08>]}
[0m05:11:40.578980 [debug] [MainThread]: Flushing usage events


============================== 2023-01-25 07:00:59.411533 | 3f4593b3-a363-43a8-8cb8-b4fcd9ca3191 ==============================
[0m07:00:59.411533 [info ] [MainThread]: Running with dbt=1.3.2
[0m07:00:59.412551 [debug] [MainThread]: running dbt with arguments {'write_json': True, 'use_colors': True, 'printer_width': 80, 'version_check': True, 'partial_parse': True, 'static_parser': True, 'profiles_dir': 'C:\\Users\\velly\\.dbt', 'send_anonymous_usage_stats': True, 'event_buffer_size': 100000, 'quiet': False, 'no_print': False, 'cache_selected_only': False, 'config_dir': False, 'which': 'debug', 'indirect_selection': 'eager'}
[0m07:00:59.413529 [debug] [MainThread]: Tracking: tracking
[0m07:00:59.413529 [debug] [MainThread]: Sending event: {'category': 'dbt', 'action': 'invocation', 'label': 'start', 'context': [<snowplow_tracker.self_describing_json.SelfDescribingJson object at 0x000002BAEDCD1E48>, <snowplow_tracker.self_describing_json.SelfDescribingJson object at 0x000002BAEDCFC848>, <snowplow_tracker.self_describing_json.SelfDescribingJson object at 0x000002BAEDCFC308>]}
[0m07:01:00.400585 [debug] [MainThread]: Executing "git --help"
[0m07:01:00.454047 [debug] [MainThread]: STDOUT: "b"usage: git [-v | --version] [-h | --help] [-C <path>] [-c <name>=<value>]\n           [--exec-path[=<path>]] [--html-path] [--man-path] [--info-path]\n           [-p | --paginate | -P | --no-pager] [--no-replace-objects] [--bare]\n           [--git-dir=<path>] [--work-tree=<path>] [--namespace=<name>]\n           [--super-prefix=<path>] [--config-env=<name>=<envvar>]\n           <command> [<args>]\n\nThese are common Git commands used in various situations:\n\nstart a working area (see also: git help tutorial)\n   clone     Clone a repository into a new directory\n   init      Create an empty Git repository or reinitialize an existing one\n\nwork on the current change (see also: git help everyday)\n   add       Add file contents to the index\n   mv        Move or rename a file, a directory, or a symlink\n   restore   Restore working tree files\n   rm        Remove files from the working tree and from the index\n\nexamine the history and state (see also: git help revisions)\n   bisect    Use binary search to find the commit that introduced a bug\n   diff      Show changes between commits, commit and working tree, etc\n   grep      Print lines matching a pattern\n   log       Show commit logs\n   show      Show various types of objects\n   status    Show the working tree status\n\ngrow, mark and tweak your common history\n   branch    List, create, or delete branches\n   commit    Record changes to the repository\n   merge     Join two or more development histories together\n   rebase    Reapply commits on top of another base tip\n   reset     Reset current HEAD to the specified state\n   switch    Switch branches\n   tag       Create, list, delete or verify a tag object signed with GPG\n\ncollaborate (see also: git help workflows)\n   fetch     Download objects and refs from another repository\n   pull      Fetch from and integrate with another repository or a local branch\n   push      Update remote refs along with associated objects\n\n'git help -a' and 'git help -g' list available subcommands and some\nconcept guides. See 'git help <command>' or 'git help <concept>'\nto read about a specific subcommand or concept.\nSee 'git help git' for an overview of the system.\n""
[0m07:01:00.454047 [debug] [MainThread]: STDERR: "b''"
[0m07:01:00.463535 [debug] [MainThread]: Sending event: {'category': 'dbt', 'action': 'invocation', 'label': 'end', 'context': [<snowplow_tracker.self_describing_json.SelfDescribingJson object at 0x000002BAEEBA1208>, <snowplow_tracker.self_describing_json.SelfDescribingJson object at 0x000002BAEEBA1508>, <snowplow_tracker.self_describing_json.SelfDescribingJson object at 0x000002BAEEBA1348>]}
[0m07:01:00.464537 [debug] [MainThread]: Flushing usage events
